<?xml version="1.0" encoding="utf-8"?>
<shfbBuild product="Sandcastle Help File Builder and Tools" version="2022.10.15.0" projectFile="C:\DAM\2\Desarrollo de Interfaces\Practicas\VentasDAM\Gimenez_Javier_VENTASDAM\Documentation\Documentation.shfbproj" started="08/12/2022 10:13:40">
<buildStep step="Initializing">
The Sandcastle tools are located in &#39;C:\Program Files (x86)\EWSoftware\Sandcastle Help File Builder&#39;
Locating components in the following folder(s):
    C:\DAM\2\Desarrollo de Interfaces\Practicas\VentasDAM\Gimenez_Javier_VENTASDAM\Documentation
    C:\ProgramData\EWSoftware\Sandcastle Help File Builder\Components and Plug-Ins
    C:\Program Files (x86)\EWSoftware\Sandcastle Help File Builder\Components
Using framework reflection data for &#39;.NET Core/.NET Standard/.NET 5.0+&#39; located in &#39;C:\Program Files (x86)\EWSoftware\Sandcastle Help File Builder\Data\.NET&#39;
Using presentation style &#39;VS2013&#39; located in &#39;C:\Program Files (x86)\EWSoftware\Sandcastle Help File Builder\Components\VS2013&#39;
Loading and initializing plug-ins...
Lightweight Website Style Version 2022.10.15.0
Copyright &#169; 2006-2022, Eric Woodruff, All Rights Reserved
Portions Copyright &#169; 2014, Sam Harwell, All Rights Reserved
-------------------------------
Clearing any prior web/markdown output...
</buildStep>
<buildStep step="ValidatingDocumentationSources">
Validating and copying documentation source information
Source: C:\DAM\2\Desarrollo de Interfaces\Practicas\VentasDAM\Gimenez_Javier_VENTASDAM\Presentacion\bin\Debug\net6.0-windows\DatosEEF.dll
    Found assembly &#39;C:\DAM\2\Desarrollo de Interfaces\Practicas\VentasDAM\Gimenez_Javier_VENTASDAM\Presentacion\bin\Debug\net6.0-windows\DatosEEF.dll&#39;
Source: C:\DAM\2\Desarrollo de Interfaces\Practicas\VentasDAM\Gimenez_Javier_VENTASDAM\Presentacion\bin\Debug\net6.0-windows\DatosEEF.xml
Source: C:\DAM\2\Desarrollo de Interfaces\Practicas\VentasDAM\Gimenez_Javier_VENTASDAM\Presentacion\bin\Debug\net6.0-windows\Modelos.dll
    Found assembly &#39;C:\DAM\2\Desarrollo de Interfaces\Practicas\VentasDAM\Gimenez_Javier_VENTASDAM\Presentacion\bin\Debug\net6.0-windows\Modelos.dll&#39;
Source: C:\DAM\2\Desarrollo de Interfaces\Practicas\VentasDAM\Gimenez_Javier_VENTASDAM\Presentacion\bin\Debug\net6.0-windows\Modelos.xml

Copying XML comments files
    C:\DAM\2\Desarrollo de Interfaces\Practicas\VentasDAM\Gimenez_Javier_VENTASDAM\Presentacion\bin\Debug\net6.0-windows\DatosEEF.xml -&gt; C:\DAM\2\Desarrollo de Interfaces\Practicas\VentasDAM\Gimenez_Javier_VENTASDAM\Documentation\Help\Working\DatosEEF.xml
    C:\DAM\2\Desarrollo de Interfaces\Practicas\VentasDAM\Gimenez_Javier_VENTASDAM\Presentacion\bin\Debug\net6.0-windows\Modelos.xml -&gt; C:\DAM\2\Desarrollo de Interfaces\Practicas\VentasDAM\Gimenez_Javier_VENTASDAM\Documentation\Help\Working\Modelos.xml
</buildStep>
<buildStep step="GenerateSharedContent">
Generating shared content files (en-US, Ingl&#233;s (Estados Unidos))...
<plugIn name="Lightweight Website Style" behavior="After" priority="1000">
</plugIn>    Last step completed in 00:00:00,0010
</buildStep>
<buildStep step="GenerateApiFilter">
Generating API filter for MRefBuilder...
    Last step completed in 00:00:00,0010
</buildStep>
<buildStep step="GenerateReflectionInfo">
Generating reflection information...
[C:\Program Files\Microsoft Visual Studio\2022\Enterprise\MSBuild\Current\Bin\amd64\MSBuild.exe - GenerateRefInfo-db08b790-bd2b-4239-afab-1e95b0d6fe5c.proj]
Compilaci&#162;n iniciada a las 08/12/2022 10:13:40.
Proyecto &quot;C:\DAM\2\Desarrollo de Interfaces\Practicas\VentasDAM\Gimenez_Javier_VENTASDAM\Documentation\Help\Working\GenerateRefInfo-db08b790-bd2b-4239-afab-1e95b0d6fe5c.proj&quot; en nodo 1 (destinos predeterminados).
PrepareForBuild:
  Creando directorio &quot;obj\Debug\&quot;.
GenerateBindingRedirects:
  No hay redirecciones de enlace sugeridas procedentes de ResolveAssemblyReferences.
GenerateRefInfo:
  Microsoft.Build (v17.3.1+2badb37d109910fbd3155cf8743224b7a27494d8)
  &#184; Microsoft Corporation. All rights reserved.
  No source code context base path specified.  Source context information is unavailable.
  Loaded 2 assemblies for reflection and 1 dependency assemblies.
  Using framework redirect &#39;System.ComponentModel, Version=5.0.0.0, Culture=neutral, PublicKeyToken=b03f5f7f11d50a3a&#39; in place of &#39;System.ComponentModel, Version=6.0.0.0, Culture=neutral, PublicKeyToken=b03f5f7f11d50a3a&#39;
  Using framework redirect &#39;System.Collections, Version=5.0.0.0, Culture=neutral, PublicKeyToken=b03f5f7f11d50a3a&#39; in place of &#39;System.Collections, Version=6.0.0.0, Culture=neutral, PublicKeyToken=b03f5f7f11d50a3a&#39;
  Using framework redirect &#39;System.Linq.Expressions, Version=5.0.0.0, Culture=neutral, PublicKeyToken=b03f5f7f11d50a3a&#39; in place of &#39;System.Linq.Expressions, Version=6.0.0.0, Culture=neutral, PublicKeyToken=b03f5f7f11d50a3a&#39;
  Using framework redirect &#39;System.ComponentModel.TypeConverter, Version=5.0.0.0, Culture=neutral, PublicKeyToken=b03f5f7f11d50a3a&#39; in place of &#39;System.ComponentModel.TypeConverter, Version=6.0.0.0, Culture=neutral, PublicKeyToken=b03f5f7f11d50a3a&#39;
  Using framework redirect &#39;System.ComponentModel.Annotations, Version=5.0.0.0, Culture=neutral, PublicKeyToken=b03f5f7f11d50a3a&#39; in place of &#39;System.ComponentModel.Annotations, Version=6.0.0.0, Culture=neutral, PublicKeyToken=b03f5f7f11d50a3a&#39;
  Using framework redirect &#39;Microsoft.Extensions.DependencyInjection.Abstractions, Version=5.0.0.0, Culture=neutral, PublicKeyToken=adb9793829ddae60&#39; in place of &#39;Microsoft.Extensions.DependencyInjection.Abstractions, Version=6.0.0.0, Culture=neutral, PublicKeyToken=adb9793829ddae60&#39;
  Wrote information on 3 namespaces, 18 types, and 220 members
  Merging duplicate type and member information
  Merged 0 duplicate type(s) and 0 duplicate member(s)
Compilaci&#162;n del proyecto terminada &quot;C:\DAM\2\Desarrollo de Interfaces\Practicas\VentasDAM\Gimenez_Javier_VENTASDAM\Documentation\Help\Working\GenerateRefInfo-db08b790-bd2b-4239-afab-1e95b0d6fe5c.proj&quot; (destinos predeterminados).
    Last step completed in 00:00:00,6213
</buildStep>
<buildStep step="ApplyDocumentModel">
Applying document model to reflection output...
    Last step completed in 00:00:00,0140
</buildStep>
<buildStep step="AddApiTopicFilenames">
Adding topic filenames to API members...
    Last step completed in 00:00:00,0080
</buildStep>
<buildStep step="GenerateApiTopicManifest">
Generating API topic manifest...
    Last step completed in 00:00:00,0050
</buildStep>
<buildStep step="GenerateNamespaceSummaries">
Generating namespace summary information...
    Last step completed in 00:00:00,0050
</buildStep>
<buildStep step="CopyConceptualContent">
Copying conceptual content...
Checking for token files...
Checking for code snippets files...
Copying images and creating the media map file...
Generating conceptual topic files
    Parsing topic file &#39;C:\DAM\2\Desarrollo de Interfaces\Practicas\VentasDAM\Gimenez_Javier_VENTASDAM\Documentation\Content\Welcome.aml&#39;
    C:\DAM\2\Desarrollo de Interfaces\Practicas\VentasDAM\Gimenez_Javier_VENTASDAM\Documentation\Content\Welcome.aml -&gt; C:\DAM\2\Desarrollo de Interfaces\Practicas\VentasDAM\Gimenez_Javier_VENTASDAM\Documentation\Help\Working\ddueXml\f12787ad-2821-4d86-a7b5-adc418a23d4e.xml
    Parsing topic file &#39;C:\DAM\2\Desarrollo de Interfaces\Practicas\VentasDAM\Gimenez_Javier_VENTASDAM\Documentation\Content\VersionHistory\VersionHistory.aml&#39;
    C:\DAM\2\Desarrollo de Interfaces\Practicas\VentasDAM\Gimenez_Javier_VENTASDAM\Documentation\Content\VersionHistory\VersionHistory.aml -&gt; C:\DAM\2\Desarrollo de Interfaces\Practicas\VentasDAM\Gimenez_Javier_VENTASDAM\Documentation\Help\Working\ddueXml\4564f11f-a159-4729-9b85-7e69690b851e.xml
    Parsing topic file &#39;C:\DAM\2\Desarrollo de Interfaces\Practicas\VentasDAM\Gimenez_Javier_VENTASDAM\Documentation\Content\VersionHistory\v1.0.0.0.aml&#39;
    C:\DAM\2\Desarrollo de Interfaces\Practicas\VentasDAM\Gimenez_Javier_VENTASDAM\Documentation\Content\VersionHistory\v1.0.0.0.aml -&gt; C:\DAM\2\Desarrollo de Interfaces\Practicas\VentasDAM\Gimenez_Javier_VENTASDAM\Documentation\Help\Working\ddueXml\91e700e9-9745-4b76-ad69-debd622d1572.xml
    Last step completed in 00:00:00,0267
</buildStep>
<buildStep step="CreateConceptualTopicConfigs">
Creating conceptual topic configuration files...
    Companion files
    _ContentMetadata_.xml
    Merging topic IDs into reference topic manifest file
    Last step completed in 00:00:00,0040
</buildStep>
<buildStep step="CopyAdditionalContent">
Copying additional content files...
C:\DAM\2\Desarrollo de Interfaces\Practicas\VentasDAM\Gimenez_Javier_VENTASDAM\Documentation\icons\Help.png -&gt; C:\DAM\2\Desarrollo de Interfaces\Practicas\VentasDAM\Gimenez_Javier_VENTASDAM\Documentation\Help\Working\Output\Website\icons\Help.png
    Last step completed in 00:00:00,0030
</buildStep>
<buildStep step="MergeTablesOfContents">
Merging conceptual and additional tables of contents...
    Last step completed in 00:00:00,0000
</buildStep>
<buildStep step="GenerateIntermediateTableOfContents">
Generating intermediate table of contents file for API content...
Generating conceptual content intermediate TOC file...
    Last step completed in 00:00:00,0080
</buildStep>
<buildStep step="CreateBuildAssemblerConfigs">
Creating Sandcastle configuration files...
    Last step completed in 00:00:00,0480
</buildStep>
<buildStep step="CombiningIntermediateTocFiles">
Combining conceptual and API intermediate TOC files...
    Last step completed in 00:00:00,0020
</buildStep>
<buildStep step="MergeCustomConfigs">
Merging custom build component configurations
C:\DAM\2\Desarrollo de Interfaces\Practicas\VentasDAM\Gimenez_Javier_VENTASDAM\Documentation\Help\Working\BuildAssembler.config
  Updating reference topic configurations.
  Updating conceptual topic configurations.
    Removing unused ExampleComponent.
    Last step completed in 00:00:00,0030
</buildStep>
<buildStep step="BuildTopics">
Building help topics...
Loading configuration...
Processing topics...
SHFB: Warning BE0066: ShowMissingComponent: [N:DatosEEF] Missing &lt;summary&gt; documentation
TopicTransformation: [N:DatosEEF] Unhandled transformation element: autor  Parent element: summary
SHFB: Warning BE0066: ShowMissingComponent: [M:DatosEEF.CategoryADO.Actualizar(Modelos.Category)] Missing &lt;summary&gt; documentation
SHFB: Warning BE0066: ShowMissingComponent: [M:DatosEEF.CategoryADO.Actualizar(Modelos.Category)] Missing &lt;param name=&quot;modificado&quot;/&gt; documentation
SHFB: Warning BE0066: ShowMissingComponent: [M:DatosEEF.CategoryADO.Borrar(Modelos.Category)] Missing &lt;summary&gt; documentation
SHFB: Warning BE0066: ShowMissingComponent: [M:DatosEEF.CategoryADO.Borrar(Modelos.Category)] Missing &lt;param name=&quot;dato&quot;/&gt; documentation
SHFB: Warning BE0066: ShowMissingComponent: [M:DatosEEF.CategoryADO.Insertar(Modelos.Category)] Missing &lt;summary&gt; documentation
SHFB: Warning BE0066: ShowMissingComponent: [M:DatosEEF.CategoryADO.Insertar(Modelos.Category)] Missing &lt;param name=&quot;dato&quot;/&gt; documentation
SHFB: Warning BE0066: ShowMissingComponent: [M:DatosEEF.CategoryADO.Listar] Missing &lt;summary&gt; documentation
SHFB: Warning BE0066: ShowMissingComponent: [M:DatosEEF.CategoryADO.Listar] Missing &lt;returns&gt; documentation
SHFB: Warning BE0066: ShowMissingComponent: [M:DatosEEF.CategoryADO.Listar(System.Int32)] Missing &lt;summary&gt; documentation
SHFB: Warning BE0066: ShowMissingComponent: [M:DatosEEF.CategoryADO.Listar(System.Int32)] Missing &lt;returns&gt; documentation
SHFB: Warning BE0066: ShowMissingComponent: [M:DatosEEF.CategoryADO.Listar(System.Int32)] Missing &lt;param name=&quot;ID&quot;/&gt; documentation
SHFB: Warning BE0066: ShowMissingComponent: [M:DatosEEF.CustomerADO.Actualizar(Modelos.Customer)] Missing &lt;summary&gt; documentation
SHFB: Warning BE0066: ShowMissingComponent: [M:DatosEEF.CustomerADO.Actualizar(Modelos.Customer)] Missing &lt;param name=&quot;modificado&quot;/&gt; documentation
SHFB: Warning BE0066: ShowMissingComponent: [M:DatosEEF.CustomerADO.Borrar(Modelos.Customer)] Missing &lt;summary&gt; documentation
SHFB: Warning BE0066: ShowMissingComponent: [M:DatosEEF.CustomerADO.Borrar(Modelos.Customer)] Missing &lt;param name=&quot;dato&quot;/&gt; documentation
SHFB: Warning BE0066: ShowMissingComponent: [M:DatosEEF.CustomerADO.Insertar(Modelos.Customer)] Missing &lt;summary&gt; documentation
SHFB: Warning BE0066: ShowMissingComponent: [M:DatosEEF.CustomerADO.Insertar(Modelos.Customer)] Missing &lt;param name=&quot;dato&quot;/&gt; documentation
SHFB: Warning BE0066: ShowMissingComponent: [M:DatosEEF.CustomerADO.Listar] Missing &lt;summary&gt; documentation
SHFB: Warning BE0066: ShowMissingComponent: [M:DatosEEF.CustomerADO.Listar] Missing &lt;returns&gt; documentation
SHFB: Warning BE0066: ShowMissingComponent: [M:DatosEEF.CustomerADO.Listar(System.String)] Missing &lt;summary&gt; documentation
SHFB: Warning BE0066: ShowMissingComponent: [M:DatosEEF.CustomerADO.Listar(System.String)] Missing &lt;returns&gt; documentation
SHFB: Warning BE0066: ShowMissingComponent: [M:DatosEEF.CustomerADO.Listar(System.String)] Missing &lt;param name=&quot;ID&quot;/&gt; documentation
SHFB: Warning BE0066: ShowMissingComponent: [M:DatosEEF.CustomerADO.ListarPedidos(System.String)] Missing &lt;summary&gt; documentation
SHFB: Warning BE0066: ShowMissingComponent: [M:DatosEEF.CustomerADO.ListarPedidos(System.String)] Missing &lt;returns&gt; documentation
SHFB: Warning BE0066: ShowMissingComponent: [M:DatosEEF.CustomerADO.ListarPedidos(System.String)] Missing &lt;param name=&quot;ID&quot;/&gt; documentation
SHFB: Warning BE0066: ShowMissingComponent: [M:DatosEEF.NorthwindContext.#ctor(Microsoft.EntityFrameworkCore.DbContextOptions{DatosEEF.NorthwindContext})] Missing &lt;param name=&quot;options&quot;/&gt; documentation
SHFB: Warning BE0066: ShowMissingComponent: [P:DatosEEF.NorthwindContext.Categories] Missing &lt;summary&gt; documentation
SHFB: Warning BE0066: ShowMissingComponent: [P:DatosEEF.NorthwindContext.Customers] Missing &lt;summary&gt; documentation
SHFB: Warning BE0066: ShowMissingComponent: [P:DatosEEF.NorthwindContext.Employees] Missing &lt;summary&gt; documentation
SHFB: Warning BE0066: ShowMissingComponent: [M:DatosEEF.NorthwindContext.OnConfiguring(Microsoft.EntityFrameworkCore.DbContextOptionsBuilder)] Missing &lt;summary&gt; documentation
SHFB: Warning BE0066: ShowMissingComponent: [M:DatosEEF.NorthwindContext.OnConfiguring(Microsoft.EntityFrameworkCore.DbContextOptionsBuilder)] Missing &lt;param name=&quot;optionsBuilder&quot;/&gt; documentation
SHFB: Warning BE0066: ShowMissingComponent: [M:DatosEEF.NorthwindContext.OnModelCreating(Microsoft.EntityFrameworkCore.ModelBuilder)] Missing &lt;summary&gt; documentation
SHFB: Warning BE0066: ShowMissingComponent: [M:DatosEEF.NorthwindContext.OnModelCreating(Microsoft.EntityFrameworkCore.ModelBuilder)] Missing &lt;param name=&quot;modelBuilder&quot;/&gt; documentation
SHFB: Warning BE0066: ShowMissingComponent: [P:DatosEEF.NorthwindContext.OrderDetails] Missing &lt;summary&gt; documentation
SHFB: Warning BE0066: ShowMissingComponent: [P:DatosEEF.NorthwindContext.Orders] Missing &lt;summary&gt; documentation
SHFB: Warning BE0066: ShowMissingComponent: [P:DatosEEF.NorthwindContext.Products] Missing &lt;summary&gt; documentation
SHFB: Warning BE0066: ShowMissingComponent: [P:DatosEEF.NorthwindContext.Shippers] Missing &lt;summary&gt; documentation
SHFB: Warning BE0066: ShowMissingComponent: [P:DatosEEF.NorthwindContext.Suppliers] Missing &lt;summary&gt; documentation
SHFB: Warning BE0066: ShowMissingComponent: [M:DatosEEF.OrderADO.Actualizar(Modelos.Order)] Missing &lt;summary&gt; documentation
SHFB: Warning BE0066: ShowMissingComponent: [M:DatosEEF.OrderADO.Actualizar(Modelos.Order)] Missing &lt;param name=&quot;modificado&quot;/&gt; documentation
SHFB: Warning BE0066: ShowMissingComponent: [M:DatosEEF.OrderADO.Borrar(Modelos.Order)] Missing &lt;summary&gt; documentation
SHFB: Warning BE0066: ShowMissingComponent: [M:DatosEEF.OrderADO.Borrar(Modelos.Order)] Missing &lt;param name=&quot;dato&quot;/&gt; documentation
SHFB: Warning BE0066: ShowMissingComponent: [M:DatosEEF.OrderADO.Insertar(Modelos.Order)] Missing &lt;summary&gt; documentation
SHFB: Warning BE0066: ShowMissingComponent: [M:DatosEEF.OrderADO.Insertar(Modelos.Order)] Missing &lt;param name=&quot;dato&quot;/&gt; documentation
SHFB: Warning BE0066: ShowMissingComponent: [M:DatosEEF.OrderADO.Listar] Missing &lt;summary&gt; documentation
SHFB: Warning BE0066: ShowMissingComponent: [M:DatosEEF.OrderADO.Listar] Missing &lt;returns&gt; documentation
SHFB: Warning BE0066: ShowMissingComponent: [M:DatosEEF.OrderADO.Listar(System.Int32)] Missing &lt;summary&gt; documentation
SHFB: Warning BE0066: ShowMissingComponent: [M:DatosEEF.OrderADO.Listar(System.Int32)] Missing &lt;returns&gt; documentation
SHFB: Warning BE0066: ShowMissingComponent: [M:DatosEEF.OrderADO.Listar(System.Int32)] Missing &lt;param name=&quot;ID&quot;/&gt; documentation
SHFB: Warning BE0066: ShowMissingComponent: [M:DatosEEF.OrderADO.ListarPedidosEmpleado(System.Int32)] Missing &lt;summary&gt; documentation
SHFB: Warning BE0066: ShowMissingComponent: [M:DatosEEF.OrderADO.ListarPedidosEmpleado(System.Int32)] Missing &lt;returns&gt; documentation
SHFB: Warning BE0066: ShowMissingComponent: [M:DatosEEF.OrderADO.ListarPedidosEmpleado(System.Int32)] Missing &lt;param name=&quot;employeedID&quot;/&gt; documentation
SHFB: Warning BE0066: ShowMissingComponent: [M:DatosEEF.OrderDetailADO.Actualizar(Modelos.OrderDetail)] Missing &lt;summary&gt; documentation
SHFB: Warning BE0066: ShowMissingComponent: [M:DatosEEF.OrderDetailADO.Actualizar(Modelos.OrderDetail)] Missing &lt;param name=&quot;modificado&quot;/&gt; documentation
SHFB: Warning BE0066: ShowMissingComponent: [M:DatosEEF.OrderDetailADO.Borrar(Modelos.OrderDetail)] Missing &lt;summary&gt; documentation
SHFB: Warning BE0066: ShowMissingComponent: [M:DatosEEF.OrderDetailADO.Borrar(Modelos.OrderDetail)] Missing &lt;param name=&quot;dato&quot;/&gt; documentation
SHFB: Warning BE0066: ShowMissingComponent: [M:DatosEEF.OrderDetailADO.Insertar(Modelos.OrderDetail)] Missing &lt;summary&gt; documentation
SHFB: Warning BE0066: ShowMissingComponent: [M:DatosEEF.OrderDetailADO.Insertar(Modelos.OrderDetail)] Missing &lt;param name=&quot;dato&quot;/&gt; documentation
SHFB: Warning BE0066: ShowMissingComponent: [M:DatosEEF.OrderDetailADO.Listar] Missing &lt;summary&gt; documentation
SHFB: Warning BE0066: ShowMissingComponent: [M:DatosEEF.OrderDetailADO.Listar] Missing &lt;returns&gt; documentation
SHFB: Warning BE0066: ShowMissingComponent: [M:DatosEEF.OrderDetailADO.Listar(System.Int32,System.Int32)] Missing &lt;summary&gt; documentation
SHFB: Warning BE0066: ShowMissingComponent: [M:DatosEEF.OrderDetailADO.Listar(System.Int32,System.Int32)] Missing &lt;returns&gt; documentation
SHFB: Warning BE0066: ShowMissingComponent: [M:DatosEEF.OrderDetailADO.Listar(System.Int32,System.Int32)] Missing &lt;param name=&quot;orderId&quot;/&gt; documentation
SHFB: Warning BE0066: ShowMissingComponent: [M:DatosEEF.OrderDetailADO.Listar(System.Int32,System.Int32)] Missing &lt;param name=&quot;productId&quot;/&gt; documentation
SHFB: Warning BE0066: ShowMissingComponent: [M:DatosEEF.OrderDetailADO.ListarOrderDetails(System.Int32)] Missing &lt;summary&gt; documentation
SHFB: Warning BE0066: ShowMissingComponent: [M:DatosEEF.OrderDetailADO.ListarOrderDetails(System.Int32)] Missing &lt;returns&gt; documentation
SHFB: Warning BE0066: ShowMissingComponent: [M:DatosEEF.OrderDetailADO.ListarOrderDetails(System.Int32)] Missing &lt;param name=&quot;orderId&quot;/&gt; documentation
SHFB: Warning BE0066: ShowMissingComponent: [T:DatosEEF.ProductADO] Missing &lt;summary&gt; documentation
SHFB: Warning BE0066: ShowMissingComponent: [M:DatosEEF.ProductADO.Actualizar(Modelos.Product)] Missing &lt;summary&gt; documentation
SHFB: Warning BE0066: ShowMissingComponent: [M:DatosEEF.ProductADO.Actualizar(Modelos.Product)] Missing &lt;param name=&quot;modificado&quot;/&gt; documentation
SHFB: Warning BE0066: ShowMissingComponent: [M:DatosEEF.ProductADO.Borrar(Modelos.Product)] Missing &lt;summary&gt; documentation
SHFB: Warning BE0066: ShowMissingComponent: [M:DatosEEF.ProductADO.Borrar(Modelos.Product)] Missing &lt;param name=&quot;dato&quot;/&gt; documentation
SHFB: Warning BE0066: ShowMissingComponent: [M:DatosEEF.ProductADO.Insertar(Modelos.Product)] Missing &lt;summary&gt; documentation
SHFB: Warning BE0066: ShowMissingComponent: [M:DatosEEF.ProductADO.Insertar(Modelos.Product)] Missing &lt;param name=&quot;dato&quot;/&gt; documentation
SHFB: Warning BE0066: ShowMissingComponent: [M:DatosEEF.ProductADO.Listar] Missing &lt;summary&gt; documentation
SHFB: Warning BE0066: ShowMissingComponent: [M:DatosEEF.ProductADO.Listar] Missing &lt;returns&gt; documentation
SHFB: Warning BE0066: ShowMissingComponent: [M:DatosEEF.ProductADO.Listar(System.Int32)] Missing &lt;summary&gt; documentation
SHFB: Warning BE0066: ShowMissingComponent: [M:DatosEEF.ProductADO.Listar(System.Int32)] Missing &lt;returns&gt; documentation
SHFB: Warning BE0066: ShowMissingComponent: [M:DatosEEF.ProductADO.Listar(System.Int32)] Missing &lt;param name=&quot;ID&quot;/&gt; documentation
SHFB: Warning BE0066: ShowMissingComponent: [M:DatosEEF.ProductADO.ListarPorCategoria(System.Int32)] Missing &lt;summary&gt; documentation
SHFB: Warning BE0066: ShowMissingComponent: [M:DatosEEF.ProductADO.ListarPorCategoria(System.Int32)] Missing &lt;returns&gt; documentation
SHFB: Warning BE0066: ShowMissingComponent: [M:DatosEEF.ProductADO.ListarPorCategoria(System.Int32)] Missing &lt;param name=&quot;categoriaId&quot;/&gt; documentation
SHFB: Warning BE0066: ShowMissingComponent: [M:DatosEEF.ShipperADO.Actualizar(Modelos.Shipper)] Missing &lt;summary&gt; documentation
SHFB: Warning BE0066: ShowMissingComponent: [M:DatosEEF.ShipperADO.Actualizar(Modelos.Shipper)] Missing &lt;param name=&quot;modificado&quot;/&gt; documentation
SHFB: Warning BE0066: ShowMissingComponent: [M:DatosEEF.ShipperADO.Borrar(Modelos.Shipper)] Missing &lt;summary&gt; documentation
SHFB: Warning BE0066: ShowMissingComponent: [M:DatosEEF.ShipperADO.Borrar(Modelos.Shipper)] Missing &lt;param name=&quot;dato&quot;/&gt; documentation
SHFB: Warning BE0066: ShowMissingComponent: [M:DatosEEF.ShipperADO.Insertar(Modelos.Shipper)] Missing &lt;summary&gt; documentation
SHFB: Warning BE0066: ShowMissingComponent: [M:DatosEEF.ShipperADO.Insertar(Modelos.Shipper)] Missing &lt;param name=&quot;dato&quot;/&gt; documentation
SHFB: Warning BE0066: ShowMissingComponent: [M:DatosEEF.ShipperADO.Listar] Missing &lt;summary&gt; documentation
SHFB: Warning BE0066: ShowMissingComponent: [M:DatosEEF.ShipperADO.Listar] Missing &lt;returns&gt; documentation
SHFB: Warning BE0066: ShowMissingComponent: [M:DatosEEF.ShipperADO.Listar(System.Int32)] Missing &lt;summary&gt; documentation
SHFB: Warning BE0066: ShowMissingComponent: [M:DatosEEF.ShipperADO.Listar(System.Int32)] Missing &lt;returns&gt; documentation
SHFB: Warning BE0066: ShowMissingComponent: [M:DatosEEF.ShipperADO.Listar(System.Int32)] Missing &lt;param name=&quot;ID&quot;/&gt; documentation
SHFB: Warning BE0066: ShowMissingComponent: [M:DatosEEF.SupplierADO.Actualizar(Modelos.Supplier)] Missing &lt;summary&gt; documentation
SHFB: Warning BE0066: ShowMissingComponent: [M:DatosEEF.SupplierADO.Actualizar(Modelos.Supplier)] Missing &lt;param name=&quot;modificado&quot;/&gt; documentation
SHFB: Warning BE0066: ShowMissingComponent: [M:DatosEEF.SupplierADO.Borrar(Modelos.Supplier)] Missing &lt;summary&gt; documentation
SHFB: Warning BE0066: ShowMissingComponent: [M:DatosEEF.SupplierADO.Borrar(Modelos.Supplier)] Missing &lt;param name=&quot;dato&quot;/&gt; documentation
SHFB: Warning BE0066: ShowMissingComponent: [M:DatosEEF.SupplierADO.Insertar(Modelos.Supplier)] Missing &lt;summary&gt; documentation
SHFB: Warning BE0066: ShowMissingComponent: [M:DatosEEF.SupplierADO.Insertar(Modelos.Supplier)] Missing &lt;param name=&quot;dato&quot;/&gt; documentation
SHFB: Warning BE0066: ShowMissingComponent: [M:DatosEEF.SupplierADO.Listar] Missing &lt;summary&gt; documentation
SHFB: Warning BE0066: ShowMissingComponent: [M:DatosEEF.SupplierADO.Listar] Missing &lt;returns&gt; documentation
SHFB: Warning BE0066: ShowMissingComponent: [M:DatosEEF.SupplierADO.Listar(System.Int32)] Missing &lt;summary&gt; documentation
SHFB: Warning BE0066: ShowMissingComponent: [M:DatosEEF.SupplierADO.Listar(System.Int32)] Missing &lt;returns&gt; documentation
SHFB: Warning BE0066: ShowMissingComponent: [M:DatosEEF.SupplierADO.Listar(System.Int32)] Missing &lt;param name=&quot;ID&quot;/&gt; documentation
SHFB: Warning BE0066: ShowMissingComponent: [N:DatosEEF.Migrations] Missing &lt;summary&gt; documentation
SHFB: Warning BE0066: ShowMissingComponent: [T:DatosEEF.Migrations.InitialCreate] Missing &lt;summary&gt; documentation
SHFB: Warning BE0066: ShowMissingComponent: [M:DatosEEF.Migrations.InitialCreate.BuildTargetModel(Microsoft.EntityFrameworkCore.ModelBuilder)] Missing &lt;summary&gt; documentation
SHFB: Warning BE0066: ShowMissingComponent: [M:DatosEEF.Migrations.InitialCreate.BuildTargetModel(Microsoft.EntityFrameworkCore.ModelBuilder)] Missing &lt;param name=&quot;modelBuilder&quot;/&gt; documentation
SHFB: Warning BE0066: ShowMissingComponent: [M:DatosEEF.Migrations.InitialCreate.Down(Microsoft.EntityFrameworkCore.Migrations.MigrationBuilder)] Missing &lt;summary&gt; documentation
SHFB: Warning BE0066: ShowMissingComponent: [M:DatosEEF.Migrations.InitialCreate.Down(Microsoft.EntityFrameworkCore.Migrations.MigrationBuilder)] Missing &lt;param name=&quot;migrationBuilder&quot;/&gt; documentation
SHFB: Warning BE0066: ShowMissingComponent: [M:DatosEEF.Migrations.InitialCreate.Up(Microsoft.EntityFrameworkCore.Migrations.MigrationBuilder)] Missing &lt;summary&gt; documentation
SHFB: Warning BE0066: ShowMissingComponent: [M:DatosEEF.Migrations.InitialCreate.Up(Microsoft.EntityFrameworkCore.Migrations.MigrationBuilder)] Missing &lt;param name=&quot;migrationBuilder&quot;/&gt; documentation
SHFB: Warning BE0066: ShowMissingComponent: [N:Modelos] Missing &lt;summary&gt; documentation
SHFB: Warning BE0066: ShowMissingComponent: [M:Modelos.Category.#ctor(System.Int32,System.String)] Missing &lt;param name=&quot;categoryId&quot;/&gt; documentation
SHFB: Warning BE0066: ShowMissingComponent: [M:Modelos.Category.#ctor(System.Int32,System.String)] Missing &lt;param name=&quot;categoryName&quot;/&gt; documentation
SHFB: Warning BE0066: ShowMissingComponent: [M:Modelos.Category.#ctor(System.Int32,System.String,System.String,System.Byte[])] Missing &lt;param name=&quot;categoryId&quot;/&gt; documentation
SHFB: Warning BE0066: ShowMissingComponent: [M:Modelos.Category.#ctor(System.Int32,System.String,System.String,System.Byte[])] Missing &lt;param name=&quot;categoryName&quot;/&gt; documentation
SHFB: Warning BE0066: ShowMissingComponent: [M:Modelos.Category.#ctor(System.Int32,System.String,System.String,System.Byte[])] Missing &lt;param name=&quot;description&quot;/&gt; documentation
SHFB: Warning BE0066: ShowMissingComponent: [M:Modelos.Category.#ctor(System.Int32,System.String,System.String,System.Byte[])] Missing &lt;param name=&quot;picture&quot;/&gt; documentation
SHFB: Warning BE0066: ShowMissingComponent: [P:Modelos.Category.CategoryId] Missing &lt;summary&gt; documentation
SHFB: Warning BE0066: ShowMissingComponent: [P:Modelos.Category.CategoryName] Missing &lt;summary&gt; documentation
SHFB: Warning BE0066: ShowMissingComponent: [P:Modelos.Category.Description] Missing &lt;summary&gt; documentation
SHFB: Warning BE0066: ShowMissingComponent: [M:Modelos.Category.Finalize] Missing &lt;summary&gt; documentation
SHFB: Warning BE0066: ShowMissingComponent: [P:Modelos.Category.Picture] Missing &lt;summary&gt; documentation
SHFB: Warning BE0066: ShowMissingComponent: [P:Modelos.Category.Products] Missing &lt;summary&gt; documentation
SHFB: Warning BE0066: ShowMissingComponent: [M:Modelos.Category.ToString] Missing &lt;summary&gt; documentation
SHFB: Warning BE0066: ShowMissingComponent: [M:Modelos.Category.ToString] Missing &lt;returns&gt; documentation
SHFB: Warning BE0066: ShowMissingComponent: [M:Modelos.Customer.#ctor(System.String,System.String)] Missing &lt;param name=&quot;customerId&quot;/&gt; documentation
SHFB: Warning BE0066: ShowMissingComponent: [M:Modelos.Customer.#ctor(System.String,System.String)] Missing &lt;param name=&quot;companyName&quot;/&gt; documentation
SHFB: Warning BE0066: ShowMissingComponent: [M:Modelos.Customer.#ctor(System.String,System.String,System.String,System.String,System.String,System.String,System.String,System.String,System.String,System.String,System.String)] Missing &lt;param name=&quot;customerId&quot;/&gt; documentation
SHFB: Warning BE0066: ShowMissingComponent: [M:Modelos.Customer.#ctor(System.String,System.String,System.String,System.String,System.String,System.String,System.String,System.String,System.String,System.String,System.String)] Missing &lt;param name=&quot;companyName&quot;/&gt; documentation
SHFB: Warning BE0066: ShowMissingComponent: [M:Modelos.Customer.#ctor(System.String,System.String,System.String,System.String,System.String,System.String,System.String,System.String,System.String,System.String,System.String)] Missing &lt;param name=&quot;contactName&quot;/&gt; documentation
SHFB: Warning BE0066: ShowMissingComponent: [M:Modelos.Customer.#ctor(System.String,System.String,System.String,System.String,System.String,System.String,System.String,System.String,System.String,System.String,System.String)] Missing &lt;param name=&quot;contactTitle&quot;/&gt; documentation
SHFB: Warning BE0066: ShowMissingComponent: [M:Modelos.Customer.#ctor(System.String,System.String,System.String,System.String,System.String,System.String,System.String,System.String,System.String,System.String,System.String)] Missing &lt;param name=&quot;address&quot;/&gt; documentation
SHFB: Warning BE0066: ShowMissingComponent: [M:Modelos.Customer.#ctor(System.String,System.String,System.String,System.String,System.String,System.String,System.String,System.String,System.String,System.String,System.String)] Missing &lt;param name=&quot;city&quot;/&gt; documentation
SHFB: Warning BE0066: ShowMissingComponent: [M:Modelos.Customer.#ctor(System.String,System.String,System.String,System.String,System.String,System.String,System.String,System.String,System.String,System.String,System.String)] Missing &lt;param name=&quot;region&quot;/&gt; documentation
SHFB: Warning BE0066: ShowMissingComponent: [M:Modelos.Customer.#ctor(System.String,System.String,System.String,System.String,System.String,System.String,System.String,System.String,System.String,System.String,System.String)] Missing &lt;param name=&quot;postalCode&quot;/&gt; documentation
SHFB: Warning BE0066: ShowMissingComponent: [M:Modelos.Customer.#ctor(System.String,System.String,System.String,System.String,System.String,System.String,System.String,System.String,System.String,System.String,System.String)] Missing &lt;param name=&quot;country&quot;/&gt; documentation
SHFB: Warning BE0066: ShowMissingComponent: [M:Modelos.Customer.#ctor(System.String,System.String,System.String,System.String,System.String,System.String,System.String,System.String,System.String,System.String,System.String)] Missing &lt;param name=&quot;phone&quot;/&gt; documentation
SHFB: Warning BE0066: ShowMissingComponent: [M:Modelos.Customer.#ctor(System.String,System.String,System.String,System.String,System.String,System.String,System.String,System.String,System.String,System.String,System.String)] Missing &lt;param name=&quot;fax&quot;/&gt; documentation
SHFB: Warning BE0066: ShowMissingComponent: [P:Modelos.Customer.Address] Missing &lt;summary&gt; documentation
SHFB: Warning BE0066: ShowMissingComponent: [P:Modelos.Customer.City] Missing &lt;summary&gt; documentation
SHFB: Warning BE0066: ShowMissingComponent: [P:Modelos.Customer.CompanyName] Missing &lt;summary&gt; documentation
SHFB: Warning BE0066: ShowMissingComponent: [P:Modelos.Customer.ContactName] Missing &lt;summary&gt; documentation
SHFB: Warning BE0066: ShowMissingComponent: [P:Modelos.Customer.ContactTitle] Missing &lt;summary&gt; documentation
SHFB: Warning BE0066: ShowMissingComponent: [P:Modelos.Customer.Country] Missing &lt;summary&gt; documentation
SHFB: Warning BE0066: ShowMissingComponent: [P:Modelos.Customer.CustomerId] Missing &lt;summary&gt; documentation
SHFB: Warning BE0066: ShowMissingComponent: [P:Modelos.Customer.Fax] Missing &lt;summary&gt; documentation
SHFB: Warning BE0066: ShowMissingComponent: [M:Modelos.Customer.Finalize] Missing &lt;summary&gt; documentation
SHFB: Warning BE0066: ShowMissingComponent: [P:Modelos.Customer.Orders] Missing &lt;summary&gt; documentation
SHFB: Warning BE0066: ShowMissingComponent: [P:Modelos.Customer.Phone] Missing &lt;summary&gt; documentation
SHFB: Warning BE0066: ShowMissingComponent: [P:Modelos.Customer.PostalCode] Missing &lt;summary&gt; documentation
SHFB: Warning BE0066: ShowMissingComponent: [P:Modelos.Customer.Region] Missing &lt;summary&gt; documentation
SHFB: Warning BE0066: ShowMissingComponent: [M:Modelos.Customer.ToString] Missing &lt;summary&gt; documentation
SHFB: Warning BE0066: ShowMissingComponent: [M:Modelos.Customer.ToString] Missing &lt;returns&gt; documentation
SHFB: Warning BE0066: ShowMissingComponent: [M:Modelos.Order.#ctor(Modelos.Order)] Missing &lt;param name=&quot;o&quot;/&gt; documentation
SHFB: Warning BE0066: ShowMissingComponent: [M:Modelos.Order.#ctor(System.Int32,System.String,System.Int32)] Missing &lt;param name=&quot;orderId&quot;/&gt; documentation
SHFB: Warning BE0066: ShowMissingComponent: [M:Modelos.Order.#ctor(System.Int32,System.String,System.Int32)] Missing &lt;param name=&quot;customerId&quot;/&gt; documentation
SHFB: Warning BE0066: ShowMissingComponent: [M:Modelos.Order.#ctor(System.Int32,System.String,System.Int32)] Missing &lt;param name=&quot;employeeId&quot;/&gt; documentation
SHFB: Warning BE0066: ShowMissingComponent: [M:Modelos.Order.#ctor(System.Int32,System.String,System.Nullable{System.Int32},System.Nullable{System.DateTime},System.Nullable{System.DateTime},System.Nullable{System.DateTime},System.Nullable{System.Int32},System.Nullable{System.Decimal},System.String,System.String,System.String,System.String,System.String,System.String)] Missing &lt;param name=&quot;orderId&quot;/&gt; documentation
SHFB: Warning BE0066: ShowMissingComponent: [M:Modelos.Order.#ctor(System.Int32,System.String,System.Nullable{System.Int32},System.Nullable{System.DateTime},System.Nullable{System.DateTime},System.Nullable{System.DateTime},System.Nullable{System.Int32},System.Nullable{System.Decimal},System.String,System.String,System.String,System.String,System.String,System.String)] Missing &lt;param name=&quot;customerId&quot;/&gt; documentation
SHFB: Warning BE0066: ShowMissingComponent: [M:Modelos.Order.#ctor(System.Int32,System.String,System.Nullable{System.Int32},System.Nullable{System.DateTime},System.Nullable{System.DateTime},System.Nullable{System.DateTime},System.Nullable{System.Int32},System.Nullable{System.Decimal},System.String,System.String,System.String,System.String,System.String,System.String)] Missing &lt;param name=&quot;employeeId&quot;/&gt; documentation
SHFB: Warning BE0066: ShowMissingComponent: [M:Modelos.Order.#ctor(System.Int32,System.String,System.Nullable{System.Int32},System.Nullable{System.DateTime},System.Nullable{System.DateTime},System.Nullable{System.DateTime},System.Nullable{System.Int32},System.Nullable{System.Decimal},System.String,System.String,System.String,System.String,System.String,System.String)] Missing &lt;param name=&quot;orderDate&quot;/&gt; documentation
SHFB: Warning BE0066: ShowMissingComponent: [M:Modelos.Order.#ctor(System.Int32,System.String,System.Nullable{System.Int32},System.Nullable{System.DateTime},System.Nullable{System.DateTime},System.Nullable{System.DateTime},System.Nullable{System.Int32},System.Nullable{System.Decimal},System.String,System.String,System.String,System.String,System.String,System.String)] Missing &lt;param name=&quot;requiredDate&quot;/&gt; documentation
SHFB: Warning BE0066: ShowMissingComponent: [M:Modelos.Order.#ctor(System.Int32,System.String,System.Nullable{System.Int32},System.Nullable{System.DateTime},System.Nullable{System.DateTime},System.Nullable{System.DateTime},System.Nullable{System.Int32},System.Nullable{System.Decimal},System.String,System.String,System.String,System.String,System.String,System.String)] Missing &lt;param name=&quot;shippedDate&quot;/&gt; documentation
SHFB: Warning BE0066: ShowMissingComponent: [M:Modelos.Order.#ctor(System.Int32,System.String,System.Nullable{System.Int32},System.Nullable{System.DateTime},System.Nullable{System.DateTime},System.Nullable{System.DateTime},System.Nullable{System.Int32},System.Nullable{System.Decimal},System.String,System.String,System.String,System.String,System.String,System.String)] Missing &lt;param name=&quot;shipVia&quot;/&gt; documentation
SHFB: Warning BE0066: ShowMissingComponent: [M:Modelos.Order.#ctor(System.Int32,System.String,System.Nullable{System.Int32},System.Nullable{System.DateTime},System.Nullable{System.DateTime},System.Nullable{System.DateTime},System.Nullable{System.Int32},System.Nullable{System.Decimal},System.String,System.String,System.String,System.String,System.String,System.String)] Missing &lt;param name=&quot;freight&quot;/&gt; documentation
SHFB: Warning BE0066: ShowMissingComponent: [M:Modelos.Order.#ctor(System.Int32,System.String,System.Nullable{System.Int32},System.Nullable{System.DateTime},System.Nullable{System.DateTime},System.Nullable{System.DateTime},System.Nullable{System.Int32},System.Nullable{System.Decimal},System.String,System.String,System.String,System.String,System.String,System.String)] Missing &lt;param name=&quot;shipName&quot;/&gt; documentation
SHFB: Warning BE0066: ShowMissingComponent: [M:Modelos.Order.#ctor(System.Int32,System.String,System.Nullable{System.Int32},System.Nullable{System.DateTime},System.Nullable{System.DateTime},System.Nullable{System.DateTime},System.Nullable{System.Int32},System.Nullable{System.Decimal},System.String,System.String,System.String,System.String,System.String,System.String)] Missing &lt;param name=&quot;shipAddress&quot;/&gt; documentation
SHFB: Warning BE0066: ShowMissingComponent: [M:Modelos.Order.#ctor(System.Int32,System.String,System.Nullable{System.Int32},System.Nullable{System.DateTime},System.Nullable{System.DateTime},System.Nullable{System.DateTime},System.Nullable{System.Int32},System.Nullable{System.Decimal},System.String,System.String,System.String,System.String,System.String,System.String)] Missing &lt;param name=&quot;shipCity&quot;/&gt; documentation
SHFB: Warning BE0066: ShowMissingComponent: [M:Modelos.Order.#ctor(System.Int32,System.String,System.Nullable{System.Int32},System.Nullable{System.DateTime},System.Nullable{System.DateTime},System.Nullable{System.DateTime},System.Nullable{System.Int32},System.Nullable{System.Decimal},System.String,System.String,System.String,System.String,System.String,System.String)] Missing &lt;param name=&quot;shipRegion&quot;/&gt; documentation
SHFB: Warning BE0066: ShowMissingComponent: [M:Modelos.Order.#ctor(System.Int32,System.String,System.Nullable{System.Int32},System.Nullable{System.DateTime},System.Nullable{System.DateTime},System.Nullable{System.DateTime},System.Nullable{System.Int32},System.Nullable{System.Decimal},System.String,System.String,System.String,System.String,System.String,System.String)] Missing &lt;param name=&quot;shipPostalCode&quot;/&gt; documentation
SHFB: Warning BE0066: ShowMissingComponent: [M:Modelos.Order.#ctor(System.Int32,System.String,System.Nullable{System.Int32},System.Nullable{System.DateTime},System.Nullable{System.DateTime},System.Nullable{System.DateTime},System.Nullable{System.Int32},System.Nullable{System.Decimal},System.String,System.String,System.String,System.String,System.String,System.String)] Missing &lt;param name=&quot;shipCountry&quot;/&gt; documentation
SHFB: Warning BE0066: ShowMissingComponent: [P:Modelos.Order.Customer] Missing &lt;summary&gt; documentation
SHFB: Warning BE0066: ShowMissingComponent: [P:Modelos.Order.CustomerId] Missing &lt;summary&gt; documentation
SHFB: Warning BE0066: ShowMissingComponent: [P:Modelos.Order.Employee] Missing &lt;summary&gt; documentation
SHFB: Warning BE0066: ShowMissingComponent: [P:Modelos.Order.EmployeeId] Missing &lt;summary&gt; documentation
SHFB: Warning BE0066: ShowMissingComponent: [M:Modelos.Order.Finalize] Missing &lt;summary&gt; documentation
SHFB: Warning BE0066: ShowMissingComponent: [P:Modelos.Order.Freight] Missing &lt;summary&gt; documentation
SHFB: Warning BE0066: ShowMissingComponent: [P:Modelos.Order.OrderDate] Missing &lt;summary&gt; documentation
SHFB: Warning BE0066: ShowMissingComponent: [P:Modelos.Order.OrderDetails] Missing &lt;summary&gt; documentation
SHFB: Warning BE0066: ShowMissingComponent: [P:Modelos.Order.OrderId] Missing &lt;summary&gt; documentation
SHFB: Warning BE0066: ShowMissingComponent: [P:Modelos.Order.RequiredDate] Missing &lt;summary&gt; documentation
SHFB: Warning BE0066: ShowMissingComponent: [P:Modelos.Order.ShipAddress] Missing &lt;summary&gt; documentation
SHFB: Warning BE0066: ShowMissingComponent: [P:Modelos.Order.ShipCity] Missing &lt;summary&gt; documentation
SHFB: Warning BE0066: ShowMissingComponent: [P:Modelos.Order.ShipCountry] Missing &lt;summary&gt; documentation
SHFB: Warning BE0066: ShowMissingComponent: [P:Modelos.Order.ShipName] Missing &lt;summary&gt; documentation
SHFB: Warning BE0066: ShowMissingComponent: [P:Modelos.Order.ShippedDate] Missing &lt;summary&gt; documentation
SHFB: Warning BE0066: ShowMissingComponent: [P:Modelos.Order.ShipPostalCode] Missing &lt;summary&gt; documentation
SHFB: Warning BE0066: ShowMissingComponent: [P:Modelos.Order.ShipRegion] Missing &lt;summary&gt; documentation
SHFB: Warning BE0066: ShowMissingComponent: [P:Modelos.Order.ShipVia] Missing &lt;summary&gt; documentation
SHFB: Warning BE0066: ShowMissingComponent: [P:Modelos.Order.ShipViaNavigation] Missing &lt;summary&gt; documentation
SHFB: Warning BE0066: ShowMissingComponent: [M:Modelos.Order.ToString] Missing &lt;summary&gt; documentation
SHFB: Warning BE0066: ShowMissingComponent: [M:Modelos.Order.ToString] Missing &lt;returns&gt; documentation
SHFB: Warning BE0066: ShowMissingComponent: [M:Modelos.OrderDetail.#ctor(System.Int32,System.Int32,System.Decimal,System.Int16,System.Single)] Missing &lt;param name=&quot;orderId&quot;/&gt; documentation
SHFB: Warning BE0066: ShowMissingComponent: [M:Modelos.OrderDetail.#ctor(System.Int32,System.Int32,System.Decimal,System.Int16,System.Single)] Missing &lt;param name=&quot;productId&quot;/&gt; documentation
SHFB: Warning BE0066: ShowMissingComponent: [M:Modelos.OrderDetail.#ctor(System.Int32,System.Int32,System.Decimal,System.Int16,System.Single)] Missing &lt;param name=&quot;unitPrice&quot;/&gt; documentation
SHFB: Warning BE0066: ShowMissingComponent: [M:Modelos.OrderDetail.#ctor(System.Int32,System.Int32,System.Decimal,System.Int16,System.Single)] Missing &lt;param name=&quot;quantity&quot;/&gt; documentation
SHFB: Warning BE0066: ShowMissingComponent: [M:Modelos.OrderDetail.#ctor(System.Int32,System.Int32,System.Decimal,System.Int16,System.Single)] Missing &lt;param name=&quot;discount&quot;/&gt; documentation
SHFB: Warning BE0066: ShowMissingComponent: [P:Modelos.OrderDetail.Discount] Missing &lt;summary&gt; documentation
SHFB: Warning BE0066: ShowMissingComponent: [M:Modelos.OrderDetail.Finalize] Missing &lt;summary&gt; documentation
SHFB: Warning BE0066: ShowMissingComponent: [P:Modelos.OrderDetail.Order] Missing &lt;summary&gt; documentation
SHFB: Warning BE0066: ShowMissingComponent: [P:Modelos.OrderDetail.OrderId] Missing &lt;summary&gt; documentation
SHFB: Warning BE0066: ShowMissingComponent: [P:Modelos.OrderDetail.Product] Missing &lt;summary&gt; documentation
SHFB: Warning BE0066: ShowMissingComponent: [P:Modelos.OrderDetail.ProductId] Missing &lt;summary&gt; documentation
SHFB: Warning BE0066: ShowMissingComponent: [P:Modelos.OrderDetail.Quantity] Missing &lt;summary&gt; documentation
SHFB: Warning BE0066: ShowMissingComponent: [M:Modelos.OrderDetail.ToString] Missing &lt;summary&gt; documentation
SHFB: Warning BE0066: ShowMissingComponent: [M:Modelos.OrderDetail.ToString] Missing &lt;returns&gt; documentation
SHFB: Warning BE0066: ShowMissingComponent: [P:Modelos.OrderDetail.UnitPrice] Missing &lt;summary&gt; documentation
SHFB: Warning BE0066: ShowMissingComponent: [T:Modelos.Product] Missing &lt;summary&gt; documentation
SHFB: Warning BE0066: ShowMissingComponent: [M:Modelos.Product.#ctor(System.Int32,System.String,System.Int32,System.Int32)] Missing &lt;param name=&quot;productId&quot;/&gt; documentation
SHFB: Warning BE0066: ShowMissingComponent: [M:Modelos.Product.#ctor(System.Int32,System.String,System.Int32,System.Int32)] Missing &lt;param name=&quot;productName&quot;/&gt; documentation
SHFB: Warning BE0066: ShowMissingComponent: [M:Modelos.Product.#ctor(System.Int32,System.String,System.Int32,System.Int32)] Missing &lt;param name=&quot;supplierId&quot;/&gt; documentation
SHFB: Warning BE0066: ShowMissingComponent: [M:Modelos.Product.#ctor(System.Int32,System.String,System.Int32,System.Int32)] Missing &lt;param name=&quot;categoryId&quot;/&gt; documentation
SHFB: Warning BE0066: ShowMissingComponent: [M:Modelos.Product.#ctor(System.Int32,System.String,System.Nullable{System.Int32},System.Nullable{System.Int32},System.String,System.Nullable{System.Decimal},System.Nullable{System.Int16},System.Nullable{System.Int16},System.Nullable{System.Int16},System.Boolean)] Missing &lt;param name=&quot;productId&quot;/&gt; documentation
SHFB: Warning BE0066: ShowMissingComponent: [M:Modelos.Product.#ctor(System.Int32,System.String,System.Nullable{System.Int32},System.Nullable{System.Int32},System.String,System.Nullable{System.Decimal},System.Nullable{System.Int16},System.Nullable{System.Int16},System.Nullable{System.Int16},System.Boolean)] Missing &lt;param name=&quot;productName&quot;/&gt; documentation
SHFB: Warning BE0066: ShowMissingComponent: [M:Modelos.Product.#ctor(System.Int32,System.String,System.Nullable{System.Int32},System.Nullable{System.Int32},System.String,System.Nullable{System.Decimal},System.Nullable{System.Int16},System.Nullable{System.Int16},System.Nullable{System.Int16},System.Boolean)] Missing &lt;param name=&quot;supplierId&quot;/&gt; documentation
SHFB: Warning BE0066: ShowMissingComponent: [M:Modelos.Product.#ctor(System.Int32,System.String,System.Nullable{System.Int32},System.Nullable{System.Int32},System.String,System.Nullable{System.Decimal},System.Nullable{System.Int16},System.Nullable{System.Int16},System.Nullable{System.Int16},System.Boolean)] Missing &lt;param name=&quot;categoryId&quot;/&gt; documentation
SHFB: Warning BE0066: ShowMissingComponent: [M:Modelos.Product.#ctor(System.Int32,System.String,System.Nullable{System.Int32},System.Nullable{System.Int32},System.String,System.Nullable{System.Decimal},System.Nullable{System.Int16},System.Nullable{System.Int16},System.Nullable{System.Int16},System.Boolean)] Missing &lt;param name=&quot;quantityPerUnit&quot;/&gt; documentation
SHFB: Warning BE0066: ShowMissingComponent: [M:Modelos.Product.#ctor(System.Int32,System.String,System.Nullable{System.Int32},System.Nullable{System.Int32},System.String,System.Nullable{System.Decimal},System.Nullable{System.Int16},System.Nullable{System.Int16},System.Nullable{System.Int16},System.Boolean)] Missing &lt;param name=&quot;unitPrice&quot;/&gt; documentation
SHFB: Warning BE0066: ShowMissingComponent: [M:Modelos.Product.#ctor(System.Int32,System.String,System.Nullable{System.Int32},System.Nullable{System.Int32},System.String,System.Nullable{System.Decimal},System.Nullable{System.Int16},System.Nullable{System.Int16},System.Nullable{System.Int16},System.Boolean)] Missing &lt;param name=&quot;unitsInStock&quot;/&gt; documentation
SHFB: Warning BE0066: ShowMissingComponent: [M:Modelos.Product.#ctor(System.Int32,System.String,System.Nullable{System.Int32},System.Nullable{System.Int32},System.String,System.Nullable{System.Decimal},System.Nullable{System.Int16},System.Nullable{System.Int16},System.Nullable{System.Int16},System.Boolean)] Missing &lt;param name=&quot;unitsOnOrder&quot;/&gt; documentation
SHFB: Warning BE0066: ShowMissingComponent: [M:Modelos.Product.#ctor(System.Int32,System.String,System.Nullable{System.Int32},System.Nullable{System.Int32},System.String,System.Nullable{System.Decimal},System.Nullable{System.Int16},System.Nullable{System.Int16},System.Nullable{System.Int16},System.Boolean)] Missing &lt;param name=&quot;reorderLevel&quot;/&gt; documentation
SHFB: Warning BE0066: ShowMissingComponent: [M:Modelos.Product.#ctor(System.Int32,System.String,System.Nullable{System.Int32},System.Nullable{System.Int32},System.String,System.Nullable{System.Decimal},System.Nullable{System.Int16},System.Nullable{System.Int16},System.Nullable{System.Int16},System.Boolean)] Missing &lt;param name=&quot;discontinued&quot;/&gt; documentation
SHFB: Warning BE0066: ShowMissingComponent: [P:Modelos.Product.Category] Missing &lt;summary&gt; documentation
SHFB: Warning BE0066: ShowMissingComponent: [P:Modelos.Product.CategoryId] Missing &lt;summary&gt; documentation
SHFB: Warning BE0066: ShowMissingComponent: [P:Modelos.Product.Discontinued] Missing &lt;summary&gt; documentation
SHFB: Warning BE0066: ShowMissingComponent: [M:Modelos.Product.Finalize] Missing &lt;summary&gt; documentation
SHFB: Warning BE0066: ShowMissingComponent: [P:Modelos.Product.OrderDetails] Missing &lt;summary&gt; documentation
SHFB: Warning BE0066: ShowMissingComponent: [P:Modelos.Product.ProductId] Missing &lt;summary&gt; documentation
SHFB: Warning BE0066: ShowMissingComponent: [P:Modelos.Product.ProductName] Missing &lt;summary&gt; documentation
SHFB: Warning BE0066: ShowMissingComponent: [P:Modelos.Product.QuantityPerUnit] Missing &lt;summary&gt; documentation
SHFB: Warning BE0066: ShowMissingComponent: [P:Modelos.Product.ReorderLevel] Missing &lt;summary&gt; documentation
SHFB: Warning BE0066: ShowMissingComponent: [P:Modelos.Product.Supplier] Missing &lt;summary&gt; documentation
SHFB: Warning BE0066: ShowMissingComponent: [P:Modelos.Product.SupplierId] Missing &lt;summary&gt; documentation
SHFB: Warning BE0066: ShowMissingComponent: [M:Modelos.Product.ToString] Missing &lt;summary&gt; documentation
SHFB: Warning BE0066: ShowMissingComponent: [M:Modelos.Product.ToString] Missing &lt;returns&gt; documentation
SHFB: Warning BE0066: ShowMissingComponent: [P:Modelos.Product.UnitPrice] Missing &lt;summary&gt; documentation
SHFB: Warning BE0066: ShowMissingComponent: [P:Modelos.Product.UnitsInStock] Missing &lt;summary&gt; documentation
SHFB: Warning BE0066: ShowMissingComponent: [P:Modelos.Product.UnitsOnOrder] Missing &lt;summary&gt; documentation
SHFB: Warning BE0066: ShowMissingComponent: [M:Modelos.Shipper.#ctor(System.Int32,System.String)] Missing &lt;param name=&quot;shipperId&quot;/&gt; documentation
SHFB: Warning BE0066: ShowMissingComponent: [M:Modelos.Shipper.#ctor(System.Int32,System.String)] Missing &lt;param name=&quot;companyName&quot;/&gt; documentation
SHFB: Warning BE0066: ShowMissingComponent: [M:Modelos.Shipper.#ctor(System.Int32,System.String,System.String)] Missing &lt;param name=&quot;shipperId&quot;/&gt; documentation
SHFB: Warning BE0066: ShowMissingComponent: [M:Modelos.Shipper.#ctor(System.Int32,System.String,System.String)] Missing &lt;param name=&quot;companyName&quot;/&gt; documentation
SHFB: Warning BE0066: ShowMissingComponent: [M:Modelos.Shipper.#ctor(System.Int32,System.String,System.String)] Missing &lt;param name=&quot;phone&quot;/&gt; documentation
SHFB: Warning BE0066: ShowMissingComponent: [P:Modelos.Shipper.CompanyName] Missing &lt;summary&gt; documentation
SHFB: Warning BE0066: ShowMissingComponent: [M:Modelos.Shipper.Finalize] Missing &lt;summary&gt; documentation
SHFB: Warning BE0066: ShowMissingComponent: [P:Modelos.Shipper.Orders] Missing &lt;summary&gt; documentation
SHFB: Warning BE0066: ShowMissingComponent: [P:Modelos.Shipper.Phone] Missing &lt;summary&gt; documentation
SHFB: Warning BE0066: ShowMissingComponent: [P:Modelos.Shipper.ShipperId] Missing &lt;summary&gt; documentation
SHFB: Warning BE0066: ShowMissingComponent: [M:Modelos.Shipper.ToString] Missing &lt;summary&gt; documentation
SHFB: Warning BE0066: ShowMissingComponent: [M:Modelos.Shipper.ToString] Missing &lt;returns&gt; documentation
SHFB: Warning BE0066: ShowMissingComponent: [M:Modelos.Supplier.#ctor(System.Int32,System.String)] Missing &lt;param name=&quot;supplierId&quot;/&gt; documentation
SHFB: Warning BE0066: ShowMissingComponent: [M:Modelos.Supplier.#ctor(System.Int32,System.String)] Missing &lt;param name=&quot;companyName&quot;/&gt; documentation
SHFB: Warning BE0066: ShowMissingComponent: [M:Modelos.Supplier.#ctor(System.Int32,System.String,System.String,System.String,System.String,System.String,System.String,System.String,System.String,System.String,System.String,System.String)] Missing &lt;param name=&quot;supplierId&quot;/&gt; documentation
SHFB: Warning BE0066: ShowMissingComponent: [M:Modelos.Supplier.#ctor(System.Int32,System.String,System.String,System.String,System.String,System.String,System.String,System.String,System.String,System.String,System.String,System.String)] Missing &lt;param name=&quot;companyName&quot;/&gt; documentation
SHFB: Warning BE0066: ShowMissingComponent: [M:Modelos.Supplier.#ctor(System.Int32,System.String,System.String,System.String,System.String,System.String,System.String,System.String,System.String,System.String,System.String,System.String)] Missing &lt;param name=&quot;contactName&quot;/&gt; documentation
SHFB: Warning BE0066: ShowMissingComponent: [M:Modelos.Supplier.#ctor(System.Int32,System.String,System.String,System.String,System.String,System.String,System.String,System.String,System.String,System.String,System.String,System.String)] Missing &lt;param name=&quot;contactTitle&quot;/&gt; documentation
SHFB: Warning BE0066: ShowMissingComponent: [M:Modelos.Supplier.#ctor(System.Int32,System.String,System.String,System.String,System.String,System.String,System.String,System.String,System.String,System.String,System.String,System.String)] Missing &lt;param name=&quot;address&quot;/&gt; documentation
SHFB: Warning BE0066: ShowMissingComponent: [M:Modelos.Supplier.#ctor(System.Int32,System.String,System.String,System.String,System.String,System.String,System.String,System.String,System.String,System.String,System.String,System.String)] Missing &lt;param name=&quot;city&quot;/&gt; documentation
SHFB: Warning BE0066: ShowMissingComponent: [M:Modelos.Supplier.#ctor(System.Int32,System.String,System.String,System.String,System.String,System.String,System.String,System.String,System.String,System.String,System.String,System.String)] Missing &lt;param name=&quot;region&quot;/&gt; documentation
SHFB: Warning BE0066: ShowMissingComponent: [M:Modelos.Supplier.#ctor(System.Int32,System.String,System.String,System.String,System.String,System.String,System.String,System.String,System.String,System.String,System.String,System.String)] Missing &lt;param name=&quot;postalCode&quot;/&gt; documentation
SHFB: Warning BE0066: ShowMissingComponent: [M:Modelos.Supplier.#ctor(System.Int32,System.String,System.String,System.String,System.String,System.String,System.String,System.String,System.String,System.String,System.String,System.String)] Missing &lt;param name=&quot;country&quot;/&gt; documentation
SHFB: Warning BE0066: ShowMissingComponent: [M:Modelos.Supplier.#ctor(System.Int32,System.String,System.String,System.String,System.String,System.String,System.String,System.String,System.String,System.String,System.String,System.String)] Missing &lt;param name=&quot;phone&quot;/&gt; documentation
SHFB: Warning BE0066: ShowMissingComponent: [M:Modelos.Supplier.#ctor(System.Int32,System.String,System.String,System.String,System.String,System.String,System.String,System.String,System.String,System.String,System.String,System.String)] Missing &lt;param name=&quot;fax&quot;/&gt; documentation
SHFB: Warning BE0066: ShowMissingComponent: [M:Modelos.Supplier.#ctor(System.Int32,System.String,System.String,System.String,System.String,System.String,System.String,System.String,System.String,System.String,System.String,System.String)] Missing &lt;param name=&quot;homePage&quot;/&gt; documentation
SHFB: Warning BE0066: ShowMissingComponent: [P:Modelos.Supplier.Address] Missing &lt;summary&gt; documentation
SHFB: Warning BE0066: ShowMissingComponent: [P:Modelos.Supplier.City] Missing &lt;summary&gt; documentation
SHFB: Warning BE0066: ShowMissingComponent: [P:Modelos.Supplier.CompanyName] Missing &lt;summary&gt; documentation
SHFB: Warning BE0066: ShowMissingComponent: [P:Modelos.Supplier.ContactName] Missing &lt;summary&gt; documentation
SHFB: Warning BE0066: ShowMissingComponent: [P:Modelos.Supplier.ContactTitle] Missing &lt;summary&gt; documentation
SHFB: Warning BE0066: ShowMissingComponent: [P:Modelos.Supplier.Country] Missing &lt;summary&gt; documentation
SHFB: Warning BE0066: ShowMissingComponent: [P:Modelos.Supplier.Fax] Missing &lt;summary&gt; documentation
SHFB: Warning BE0066: ShowMissingComponent: [M:Modelos.Supplier.Finalize] Missing &lt;summary&gt; documentation
SHFB: Warning BE0066: ShowMissingComponent: [P:Modelos.Supplier.HomePage] Missing &lt;summary&gt; documentation
SHFB: Warning BE0066: ShowMissingComponent: [P:Modelos.Supplier.Phone] Missing &lt;summary&gt; documentation
SHFB: Warning BE0066: ShowMissingComponent: [P:Modelos.Supplier.PostalCode] Missing &lt;summary&gt; documentation
SHFB: Warning BE0066: ShowMissingComponent: [P:Modelos.Supplier.Products] Missing &lt;summary&gt; documentation
SHFB: Warning BE0066: ShowMissingComponent: [P:Modelos.Supplier.Region] Missing &lt;summary&gt; documentation
SHFB: Warning BE0066: ShowMissingComponent: [P:Modelos.Supplier.SupplierId] Missing &lt;summary&gt; documentation
SHFB: Warning BE0066: ShowMissingComponent: [M:Modelos.Supplier.ToString] Missing &lt;summary&gt; documentation
SHFB: Warning BE0066: ShowMissingComponent: [M:Modelos.Supplier.ToString] Missing &lt;returns&gt; documentation
Processed 297 topic(s)
283 warning(s)
CopyFromIndexComponent: &quot;metadata&quot; in-memory cache entries used: 1 of 15.
ResolveArtLinksComponent: Copying media files...
ResolveReferenceLinksComponent: 79 entries added to the member ID URL cache.  New cache size: 606 entries
CopyFromIndexComponent: &quot;reflection&quot; in-memory cache entries used: 3 of 15.
CopyFromIndexComponent: &quot;comments&quot; in-memory cache entries used: 3 of 30.
    Last step completed in 00:00:02,0050
</buildStep>
<buildStep step="ExtractingHtmlInfo">
Extracting HTML info for HTML Help 1 and/or website...
Using LCID &#39;1033&#39;, code page &#39;65001&#39;, encoding charset &#39;UTF-8&#39;.
Processing website files in C:\DAM\2\Desarrollo de Interfaces\Practicas\VentasDAM\Gimenez_Javier_VENTASDAM\Documentation\Help\Working\Output\Website
Processed 297 HTML files.  Sorting keywords and generating See Also indices.
Saving website table of contents to C:\DAM\2\Desarrollo de Interfaces\Practicas\VentasDAM\Gimenez_Javier_VENTASDAM\Documentation\Help\Working\\WebTOC.xml
    Last step completed in 00:00:00,0236
</buildStep>
<buildStep step="CopyStandardHelpContent">
Copying standard help content...
C:\Program Files (x86)\EWSoftware\Sandcastle Help File Builder\Components\VS2013\icons\AlertCaution.png -&gt; C:\DAM\2\Desarrollo de Interfaces\Practicas\VentasDAM\Gimenez_Javier_VENTASDAM\Documentation\Help\Working\Output\Website\icons\AlertCaution.png
C:\Program Files (x86)\EWSoftware\Sandcastle Help File Builder\Components\VS2013\icons\AlertNote.png -&gt; C:\DAM\2\Desarrollo de Interfaces\Practicas\VentasDAM\Gimenez_Javier_VENTASDAM\Documentation\Help\Working\Output\Website\icons\AlertNote.png
C:\Program Files (x86)\EWSoftware\Sandcastle Help File Builder\Components\VS2013\icons\AlertSecurity.png -&gt; C:\DAM\2\Desarrollo de Interfaces\Practicas\VentasDAM\Gimenez_Javier_VENTASDAM\Documentation\Help\Working\Output\Website\icons\AlertSecurity.png
C:\Program Files (x86)\EWSoftware\Sandcastle Help File Builder\Components\VS2013\icons\CodeExample.png -&gt; C:\DAM\2\Desarrollo de Interfaces\Practicas\VentasDAM\Gimenez_Javier_VENTASDAM\Documentation\Help\Working\Output\Website\icons\CodeExample.png
C:\Program Files (x86)\EWSoftware\Sandcastle Help File Builder\Components\VS2013\icons\favicon.ico -&gt; C:\DAM\2\Desarrollo de Interfaces\Practicas\VentasDAM\Gimenez_Javier_VENTASDAM\Documentation\Help\Working\Output\Website\icons\favicon.ico
C:\Program Files (x86)\EWSoftware\Sandcastle Help File Builder\Components\VS2013\icons\privClass.gif -&gt; C:\DAM\2\Desarrollo de Interfaces\Practicas\VentasDAM\Gimenez_Javier_VENTASDAM\Documentation\Help\Working\Output\Website\icons\privClass.gif
C:\Program Files (x86)\EWSoftware\Sandcastle Help File Builder\Components\VS2013\icons\privDelegate.gif -&gt; C:\DAM\2\Desarrollo de Interfaces\Practicas\VentasDAM\Gimenez_Javier_VENTASDAM\Documentation\Help\Working\Output\Website\icons\privDelegate.gif
C:\Program Files (x86)\EWSoftware\Sandcastle Help File Builder\Components\VS2013\icons\privEnumeration.gif -&gt; C:\DAM\2\Desarrollo de Interfaces\Practicas\VentasDAM\Gimenez_Javier_VENTASDAM\Documentation\Help\Working\Output\Website\icons\privEnumeration.gif
C:\Program Files (x86)\EWSoftware\Sandcastle Help File Builder\Components\VS2013\icons\privEvent.gif -&gt; C:\DAM\2\Desarrollo de Interfaces\Practicas\VentasDAM\Gimenez_Javier_VENTASDAM\Documentation\Help\Working\Output\Website\icons\privEvent.gif
C:\Program Files (x86)\EWSoftware\Sandcastle Help File Builder\Components\VS2013\icons\privExtension.gif -&gt; C:\DAM\2\Desarrollo de Interfaces\Practicas\VentasDAM\Gimenez_Javier_VENTASDAM\Documentation\Help\Working\Output\Website\icons\privExtension.gif
C:\Program Files (x86)\EWSoftware\Sandcastle Help File Builder\Components\VS2013\icons\privField.gif -&gt; C:\DAM\2\Desarrollo de Interfaces\Practicas\VentasDAM\Gimenez_Javier_VENTASDAM\Documentation\Help\Working\Output\Website\icons\privField.gif
C:\Program Files (x86)\EWSoftware\Sandcastle Help File Builder\Components\VS2013\icons\privInterface.gif -&gt; C:\DAM\2\Desarrollo de Interfaces\Practicas\VentasDAM\Gimenez_Javier_VENTASDAM\Documentation\Help\Working\Output\Website\icons\privInterface.gif
C:\Program Files (x86)\EWSoftware\Sandcastle Help File Builder\Components\VS2013\icons\privMethod.gif -&gt; C:\DAM\2\Desarrollo de Interfaces\Practicas\VentasDAM\Gimenez_Javier_VENTASDAM\Documentation\Help\Working\Output\Website\icons\privMethod.gif
C:\Program Files (x86)\EWSoftware\Sandcastle Help File Builder\Components\VS2013\icons\privProperty.gif -&gt; C:\DAM\2\Desarrollo de Interfaces\Practicas\VentasDAM\Gimenez_Javier_VENTASDAM\Documentation\Help\Working\Output\Website\icons\privProperty.gif
C:\Program Files (x86)\EWSoftware\Sandcastle Help File Builder\Components\VS2013\icons\privStructure.gif -&gt; C:\DAM\2\Desarrollo de Interfaces\Practicas\VentasDAM\Gimenez_Javier_VENTASDAM\Documentation\Help\Working\Output\Website\icons\privStructure.gif
C:\Program Files (x86)\EWSoftware\Sandcastle Help File Builder\Components\VS2013\icons\protClass.gif -&gt; C:\DAM\2\Desarrollo de Interfaces\Practicas\VentasDAM\Gimenez_Javier_VENTASDAM\Documentation\Help\Working\Output\Website\icons\protClass.gif
C:\Program Files (x86)\EWSoftware\Sandcastle Help File Builder\Components\VS2013\icons\protDelegate.gif -&gt; C:\DAM\2\Desarrollo de Interfaces\Practicas\VentasDAM\Gimenez_Javier_VENTASDAM\Documentation\Help\Working\Output\Website\icons\protDelegate.gif
C:\Program Files (x86)\EWSoftware\Sandcastle Help File Builder\Components\VS2013\icons\protEnumeration.gif -&gt; C:\DAM\2\Desarrollo de Interfaces\Practicas\VentasDAM\Gimenez_Javier_VENTASDAM\Documentation\Help\Working\Output\Website\icons\protEnumeration.gif
C:\Program Files (x86)\EWSoftware\Sandcastle Help File Builder\Components\VS2013\icons\protEvent.gif -&gt; C:\DAM\2\Desarrollo de Interfaces\Practicas\VentasDAM\Gimenez_Javier_VENTASDAM\Documentation\Help\Working\Output\Website\icons\protEvent.gif
C:\Program Files (x86)\EWSoftware\Sandcastle Help File Builder\Components\VS2013\icons\protExtension.gif -&gt; C:\DAM\2\Desarrollo de Interfaces\Practicas\VentasDAM\Gimenez_Javier_VENTASDAM\Documentation\Help\Working\Output\Website\icons\protExtension.gif
C:\Program Files (x86)\EWSoftware\Sandcastle Help File Builder\Components\VS2013\icons\protField.gif -&gt; C:\DAM\2\Desarrollo de Interfaces\Practicas\VentasDAM\Gimenez_Javier_VENTASDAM\Documentation\Help\Working\Output\Website\icons\protField.gif
C:\Program Files (x86)\EWSoftware\Sandcastle Help File Builder\Components\VS2013\icons\protInterface.gif -&gt; C:\DAM\2\Desarrollo de Interfaces\Practicas\VentasDAM\Gimenez_Javier_VENTASDAM\Documentation\Help\Working\Output\Website\icons\protInterface.gif
C:\Program Files (x86)\EWSoftware\Sandcastle Help File Builder\Components\VS2013\icons\protMethod.gif -&gt; C:\DAM\2\Desarrollo de Interfaces\Practicas\VentasDAM\Gimenez_Javier_VENTASDAM\Documentation\Help\Working\Output\Website\icons\protMethod.gif
C:\Program Files (x86)\EWSoftware\Sandcastle Help File Builder\Components\VS2013\icons\protOperator.gif -&gt; C:\DAM\2\Desarrollo de Interfaces\Practicas\VentasDAM\Gimenez_Javier_VENTASDAM\Documentation\Help\Working\Output\Website\icons\protOperator.gif
C:\Program Files (x86)\EWSoftware\Sandcastle Help File Builder\Components\VS2013\icons\protProperty.gif -&gt; C:\DAM\2\Desarrollo de Interfaces\Practicas\VentasDAM\Gimenez_Javier_VENTASDAM\Documentation\Help\Working\Output\Website\icons\protProperty.gif
C:\Program Files (x86)\EWSoftware\Sandcastle Help File Builder\Components\VS2013\icons\protStructure.gif -&gt; C:\DAM\2\Desarrollo de Interfaces\Practicas\VentasDAM\Gimenez_Javier_VENTASDAM\Documentation\Help\Working\Output\Website\icons\protStructure.gif
C:\Program Files (x86)\EWSoftware\Sandcastle Help File Builder\Components\VS2013\icons\pubClass.gif -&gt; C:\DAM\2\Desarrollo de Interfaces\Practicas\VentasDAM\Gimenez_Javier_VENTASDAM\Documentation\Help\Working\Output\Website\icons\pubClass.gif
C:\Program Files (x86)\EWSoftware\Sandcastle Help File Builder\Components\VS2013\icons\pubDelegate.gif -&gt; C:\DAM\2\Desarrollo de Interfaces\Practicas\VentasDAM\Gimenez_Javier_VENTASDAM\Documentation\Help\Working\Output\Website\icons\pubDelegate.gif
C:\Program Files (x86)\EWSoftware\Sandcastle Help File Builder\Components\VS2013\icons\pubEnumeration.gif -&gt; C:\DAM\2\Desarrollo de Interfaces\Practicas\VentasDAM\Gimenez_Javier_VENTASDAM\Documentation\Help\Working\Output\Website\icons\pubEnumeration.gif
C:\Program Files (x86)\EWSoftware\Sandcastle Help File Builder\Components\VS2013\icons\pubEvent.gif -&gt; C:\DAM\2\Desarrollo de Interfaces\Practicas\VentasDAM\Gimenez_Javier_VENTASDAM\Documentation\Help\Working\Output\Website\icons\pubEvent.gif
C:\Program Files (x86)\EWSoftware\Sandcastle Help File Builder\Components\VS2013\icons\pubExtension.gif -&gt; C:\DAM\2\Desarrollo de Interfaces\Practicas\VentasDAM\Gimenez_Javier_VENTASDAM\Documentation\Help\Working\Output\Website\icons\pubExtension.gif
C:\Program Files (x86)\EWSoftware\Sandcastle Help File Builder\Components\VS2013\icons\pubField.gif -&gt; C:\DAM\2\Desarrollo de Interfaces\Practicas\VentasDAM\Gimenez_Javier_VENTASDAM\Documentation\Help\Working\Output\Website\icons\pubField.gif
C:\Program Files (x86)\EWSoftware\Sandcastle Help File Builder\Components\VS2013\icons\pubInterface.gif -&gt; C:\DAM\2\Desarrollo de Interfaces\Practicas\VentasDAM\Gimenez_Javier_VENTASDAM\Documentation\Help\Working\Output\Website\icons\pubInterface.gif
C:\Program Files (x86)\EWSoftware\Sandcastle Help File Builder\Components\VS2013\icons\pubMethod.gif -&gt; C:\DAM\2\Desarrollo de Interfaces\Practicas\VentasDAM\Gimenez_Javier_VENTASDAM\Documentation\Help\Working\Output\Website\icons\pubMethod.gif
C:\Program Files (x86)\EWSoftware\Sandcastle Help File Builder\Components\VS2013\icons\pubOperator.gif -&gt; C:\DAM\2\Desarrollo de Interfaces\Practicas\VentasDAM\Gimenez_Javier_VENTASDAM\Documentation\Help\Working\Output\Website\icons\pubOperator.gif
C:\Program Files (x86)\EWSoftware\Sandcastle Help File Builder\Components\VS2013\icons\pubProperty.gif -&gt; C:\DAM\2\Desarrollo de Interfaces\Practicas\VentasDAM\Gimenez_Javier_VENTASDAM\Documentation\Help\Working\Output\Website\icons\pubProperty.gif
C:\Program Files (x86)\EWSoftware\Sandcastle Help File Builder\Components\VS2013\icons\pubStructure.gif -&gt; C:\DAM\2\Desarrollo de Interfaces\Practicas\VentasDAM\Gimenez_Javier_VENTASDAM\Documentation\Help\Working\Output\Website\icons\pubStructure.gif
C:\Program Files (x86)\EWSoftware\Sandcastle Help File Builder\Components\VS2013\icons\SectionCollapsed.png -&gt; C:\DAM\2\Desarrollo de Interfaces\Practicas\VentasDAM\Gimenez_Javier_VENTASDAM\Documentation\Help\Working\Output\Website\icons\SectionCollapsed.png
C:\Program Files (x86)\EWSoftware\Sandcastle Help File Builder\Components\VS2013\icons\SectionExpanded.png -&gt; C:\DAM\2\Desarrollo de Interfaces\Practicas\VentasDAM\Gimenez_Javier_VENTASDAM\Documentation\Help\Working\Output\Website\icons\SectionExpanded.png
C:\Program Files (x86)\EWSoftware\Sandcastle Help File Builder\Components\VS2013\icons\Static.gif -&gt; C:\DAM\2\Desarrollo de Interfaces\Practicas\VentasDAM\Gimenez_Javier_VENTASDAM\Documentation\Help\Working\Output\Website\icons\Static.gif
C:\Program Files (x86)\EWSoftware\Sandcastle Help File Builder\Components\VS2013\scripts\branding.js -&gt; C:\DAM\2\Desarrollo de Interfaces\Practicas\VentasDAM\Gimenez_Javier_VENTASDAM\Documentation\Help\Working\Output\Website\scripts\branding.js
C:\Program Files (x86)\EWSoftware\Sandcastle Help File Builder\Components\VS2013\styles\branding-cs-CZ.css -&gt; C:\DAM\2\Desarrollo de Interfaces\Practicas\VentasDAM\Gimenez_Javier_VENTASDAM\Documentation\Help\Working\Output\Website\styles\branding-cs-CZ.css
C:\Program Files (x86)\EWSoftware\Sandcastle Help File Builder\Components\VS2013\styles\branding-de-DE.css -&gt; C:\DAM\2\Desarrollo de Interfaces\Practicas\VentasDAM\Gimenez_Javier_VENTASDAM\Documentation\Help\Working\Output\Website\styles\branding-de-DE.css
C:\Program Files (x86)\EWSoftware\Sandcastle Help File Builder\Components\VS2013\styles\branding-en-US.css -&gt; C:\DAM\2\Desarrollo de Interfaces\Practicas\VentasDAM\Gimenez_Javier_VENTASDAM\Documentation\Help\Working\Output\Website\styles\branding-en-US.css
C:\Program Files (x86)\EWSoftware\Sandcastle Help File Builder\Components\VS2013\styles\branding-es-ES.css -&gt; C:\DAM\2\Desarrollo de Interfaces\Practicas\VentasDAM\Gimenez_Javier_VENTASDAM\Documentation\Help\Working\Output\Website\styles\branding-es-ES.css
C:\Program Files (x86)\EWSoftware\Sandcastle Help File Builder\Components\VS2013\styles\branding-fr-FR.css -&gt; C:\DAM\2\Desarrollo de Interfaces\Practicas\VentasDAM\Gimenez_Javier_VENTASDAM\Documentation\Help\Working\Output\Website\styles\branding-fr-FR.css
C:\Program Files (x86)\EWSoftware\Sandcastle Help File Builder\Components\VS2013\styles\branding-Help1.css -&gt; C:\DAM\2\Desarrollo de Interfaces\Practicas\VentasDAM\Gimenez_Javier_VENTASDAM\Documentation\Help\Working\Output\Website\styles\branding-Help1.css
C:\Program Files (x86)\EWSoftware\Sandcastle Help File Builder\Components\VS2013\styles\branding-HelpViewer.css -&gt; C:\DAM\2\Desarrollo de Interfaces\Practicas\VentasDAM\Gimenez_Javier_VENTASDAM\Documentation\Help\Working\Output\Website\styles\branding-HelpViewer.css
C:\Program Files (x86)\EWSoftware\Sandcastle Help File Builder\Components\VS2013\styles\branding-it-IT.css -&gt; C:\DAM\2\Desarrollo de Interfaces\Practicas\VentasDAM\Gimenez_Javier_VENTASDAM\Documentation\Help\Working\Output\Website\styles\branding-it-IT.css
C:\Program Files (x86)\EWSoftware\Sandcastle Help File Builder\Components\VS2013\styles\branding-ja-JP.css -&gt; C:\DAM\2\Desarrollo de Interfaces\Practicas\VentasDAM\Gimenez_Javier_VENTASDAM\Documentation\Help\Working\Output\Website\styles\branding-ja-JP.css
C:\Program Files (x86)\EWSoftware\Sandcastle Help File Builder\Components\VS2013\styles\branding-ko-KR.css -&gt; C:\DAM\2\Desarrollo de Interfaces\Practicas\VentasDAM\Gimenez_Javier_VENTASDAM\Documentation\Help\Working\Output\Website\styles\branding-ko-KR.css
C:\Program Files (x86)\EWSoftware\Sandcastle Help File Builder\Components\VS2013\styles\branding-pl-PL.css -&gt; C:\DAM\2\Desarrollo de Interfaces\Practicas\VentasDAM\Gimenez_Javier_VENTASDAM\Documentation\Help\Working\Output\Website\styles\branding-pl-PL.css
C:\Program Files (x86)\EWSoftware\Sandcastle Help File Builder\Components\VS2013\styles\branding-pt-BR.css -&gt; C:\DAM\2\Desarrollo de Interfaces\Practicas\VentasDAM\Gimenez_Javier_VENTASDAM\Documentation\Help\Working\Output\Website\styles\branding-pt-BR.css
C:\Program Files (x86)\EWSoftware\Sandcastle Help File Builder\Components\VS2013\styles\branding-ru-RU.css -&gt; C:\DAM\2\Desarrollo de Interfaces\Practicas\VentasDAM\Gimenez_Javier_VENTASDAM\Documentation\Help\Working\Output\Website\styles\branding-ru-RU.css
C:\Program Files (x86)\EWSoftware\Sandcastle Help File Builder\Components\VS2013\styles\branding-tr-TR.css -&gt; C:\DAM\2\Desarrollo de Interfaces\Practicas\VentasDAM\Gimenez_Javier_VENTASDAM\Documentation\Help\Working\Output\Website\styles\branding-tr-TR.css
C:\Program Files (x86)\EWSoftware\Sandcastle Help File Builder\Components\VS2013\styles\branding-Website.css -&gt; C:\DAM\2\Desarrollo de Interfaces\Practicas\VentasDAM\Gimenez_Javier_VENTASDAM\Documentation\Help\Working\Output\Website\styles\branding-Website.css
C:\Program Files (x86)\EWSoftware\Sandcastle Help File Builder\Components\VS2013\styles\branding-zh-CN.css -&gt; C:\DAM\2\Desarrollo de Interfaces\Practicas\VentasDAM\Gimenez_Javier_VENTASDAM\Documentation\Help\Working\Output\Website\styles\branding-zh-CN.css
C:\Program Files (x86)\EWSoftware\Sandcastle Help File Builder\Components\VS2013\styles\branding-zh-TW.css -&gt; C:\DAM\2\Desarrollo de Interfaces\Practicas\VentasDAM\Gimenez_Javier_VENTASDAM\Documentation\Help\Working\Output\Website\styles\branding-zh-TW.css
C:\Program Files (x86)\EWSoftware\Sandcastle Help File Builder\Components\VS2013\styles\branding.css -&gt; C:\DAM\2\Desarrollo de Interfaces\Practicas\VentasDAM\Gimenez_Javier_VENTASDAM\Documentation\Help\Working\Output\Website\styles\branding.css
C:\Program Files (x86)\EWSoftware\Sandcastle Help File Builder\Components\VS2013\Web\index.html -&gt; C:\DAM\2\Desarrollo de Interfaces\Practicas\VentasDAM\Gimenez_Javier_VENTASDAM\Documentation\Help\Working\Output\Website\index.html
C:\Program Files (x86)\EWSoftware\Sandcastle Help File Builder\Components\VS2013\Web\search.html -&gt; C:\DAM\2\Desarrollo de Interfaces\Practicas\VentasDAM\Gimenez_Javier_VENTASDAM\Documentation\Help\Working\Output\Website\search.html
C:\Program Files (x86)\EWSoftware\Sandcastle Help File Builder\Components\VS2013\Web\SearchHelp.aspx -&gt; C:\DAM\2\Desarrollo de Interfaces\Practicas\VentasDAM\Gimenez_Javier_VENTASDAM\Documentation\Help\Working\Output\Website\SearchHelp.aspx
C:\Program Files (x86)\EWSoftware\Sandcastle Help File Builder\Components\VS2013\Web\SearchHelp.inc.php -&gt; C:\DAM\2\Desarrollo de Interfaces\Practicas\VentasDAM\Gimenez_Javier_VENTASDAM\Documentation\Help\Working\Output\Website\SearchHelp.inc.php
C:\Program Files (x86)\EWSoftware\Sandcastle Help File Builder\Components\VS2013\Web\SearchHelp.php -&gt; C:\DAM\2\Desarrollo de Interfaces\Practicas\VentasDAM\Gimenez_Javier_VENTASDAM\Documentation\Help\Working\Output\Website\SearchHelp.php
C:\Program Files (x86)\EWSoftware\Sandcastle Help File Builder\Components\VS2013\Web\Web.Config -&gt; C:\DAM\2\Desarrollo de Interfaces\Practicas\VentasDAM\Gimenez_Javier_VENTASDAM\Documentation\Help\Working\Output\Website\Web.Config
C:\Program Files (x86)\EWSoftware\Sandcastle Help File Builder\Components\VS2013\Web\html\GeneralError.htm -&gt; C:\DAM\2\Desarrollo de Interfaces\Practicas\VentasDAM\Gimenez_Javier_VENTASDAM\Documentation\Help\Working\Output\Website\html\GeneralError.htm
C:\Program Files (x86)\EWSoftware\Sandcastle Help File Builder\Components\VS2013\Web\html\PageNotFound.htm -&gt; C:\DAM\2\Desarrollo de Interfaces\Practicas\VentasDAM\Gimenez_Javier_VENTASDAM\Documentation\Help\Working\Output\Website\html\PageNotFound.htm
C:\Program Files (x86)\EWSoftware\Sandcastle Help File Builder\Components\VS2013\Web\icons\Search.png -&gt; C:\DAM\2\Desarrollo de Interfaces\Practicas\VentasDAM\Gimenez_Javier_VENTASDAM\Documentation\Help\Working\Output\Website\icons\Search.png
C:\Program Files (x86)\EWSoftware\Sandcastle Help File Builder\Components\VS2013\Web\icons\TocClose.gif -&gt; C:\DAM\2\Desarrollo de Interfaces\Practicas\VentasDAM\Gimenez_Javier_VENTASDAM\Documentation\Help\Working\Output\Website\icons\TocClose.gif
C:\Program Files (x86)\EWSoftware\Sandcastle Help File Builder\Components\VS2013\Web\icons\TocCollapsed.gif -&gt; C:\DAM\2\Desarrollo de Interfaces\Practicas\VentasDAM\Gimenez_Javier_VENTASDAM\Documentation\Help\Working\Output\Website\icons\TocCollapsed.gif
C:\Program Files (x86)\EWSoftware\Sandcastle Help File Builder\Components\VS2013\Web\icons\TocExpanded.gif -&gt; C:\DAM\2\Desarrollo de Interfaces\Practicas\VentasDAM\Gimenez_Javier_VENTASDAM\Documentation\Help\Working\Output\Website\icons\TocExpanded.gif
C:\Program Files (x86)\EWSoftware\Sandcastle Help File Builder\Components\VS2013\Web\icons\TocOpen.gif -&gt; C:\DAM\2\Desarrollo de Interfaces\Practicas\VentasDAM\Gimenez_Javier_VENTASDAM\Documentation\Help\Working\Output\Website\icons\TocOpen.gif
C:\Program Files (x86)\EWSoftware\Sandcastle Help File Builder\Components\VS2013\Web\scripts\branding-Website.js -&gt; C:\DAM\2\Desarrollo de Interfaces\Practicas\VentasDAM\Gimenez_Javier_VENTASDAM\Documentation\Help\Working\Output\Website\scripts\branding-Website.js
C:\Program Files (x86)\EWSoftware\Sandcastle Help File Builder\Components\VS2013\Web\scripts\clipboard.min.js -&gt; C:\DAM\2\Desarrollo de Interfaces\Practicas\VentasDAM\Gimenez_Javier_VENTASDAM\Documentation\Help\Working\Output\Website\scripts\clipboard.min.js
C:\Program Files (x86)\EWSoftware\Sandcastle Help File Builder\Components\VS2013\Web\scripts\jquery-3.5.1.min.js -&gt; C:\DAM\2\Desarrollo de Interfaces\Practicas\VentasDAM\Gimenez_Javier_VENTASDAM\Documentation\Help\Working\Output\Website\scripts\jquery-3.5.1.min.js
    Last step completed in 00:00:00,2010
</buildStep>
<buildStep step="GenerateFullTextIndex">
Generating full-text index for the website...

<plugIn name="Lightweight Website Style" behavior="After" priority="1000">
Adding lightweight search and TOC elements to each topic...
</plugIn>    Last step completed in 00:00:00,1699
</buildStep>
<buildStep step="CopyingWebsiteFiles">
Copying website files to output folder...

Copied 473 files for the website content
    Last step completed in 00:00:00,2793
</buildStep>
<buildStep step="CleanIntermediates">
Removing intermediate files...
    Last step completed in 00:00:00,0680
</buildStep>
<buildStep step="Completed">

Build completed successfully at 08/12/2022 10:13:44.  Total time: 00:00:03,8800

</buildStep>
</shfbBuild>
